<?xml version="1.0" encoding="UTF-8"?>
<!-- Generated by org.testng.reporters.JUnitReportReporter -->
<testsuite skipped="1" hostname="CHELENL042" name="ashleyDemoTest.TC_001_AddToCart" tests="1" failures="0" timestamp="16 Mar 2019 18:02:24 GMT" time="0.000" errors="0">
  <testcase name="addToCart" time="0.000" classname="ashleyDemoTest.TC_001_AddToCart">
    <skipped/>
  </testcase> <!-- addToCart -->
</testsuite> <!-- ashleyDemoTest.TC_001_AddToCart -->
