<?xml version="1.0" encoding="UTF-8"?>
<!-- Generated by org.testng.reporters.JUnitReportReporter -->
<testsuite skipped="0" hostname="CHELENL042" name="TestCase.TC_006_Spinner" tests="1" failures="0" timestamp="27 Mar 2019 05:47:00 GMT" time="15.864" errors="0">
  <testcase name="sppinner" time="15.864" classname="TestCase.TC_006_Spinner"/>
</testsuite> <!-- TestCase.TC_006_Spinner -->
