<?xml version="1.0" encoding="UTF-8"?>
<!-- Generated by org.testng.reporters.JUnitReportReporter -->
<testsuite skipped="0" hostname="CHELENL042" name="TestCase.Registerpage" tests="1" failures="0" timestamp="13 Mar 2019 06:10:20 GMT" time="26.513" errors="0">
  <testcase name="NavigateToRegister" time="26.513" classname="TestCase.Registerpage"/>
</testsuite> <!-- TestCase.Registerpage -->
