<?xml version="1.0" encoding="UTF-8"?>
<!-- Generated by org.testng.reporters.JUnitReportReporter -->
<testsuite skipped="1" hostname="CHELENL042" name="ashleyDemoTest.TC_003_RegisterUser" tests="1" failures="0" timestamp="13 Mar 2019 12:34:59 GMT" time="0.000" errors="0">
  <testcase name="registerUser" time="0.000" classname="ashleyDemoTest.TC_003_RegisterUser">
    <skipped/>
  </testcase> <!-- registerUser -->
</testsuite> <!-- ashleyDemoTest.TC_003_RegisterUser -->
