<?xml version="1.0" encoding="UTF-8"?>
<!-- Generated by org.testng.reporters.JUnitReportReporter -->
<testsuite skipped="0" hostname="CHELENL042" name="testNGpractise" tests="3" failures="0" timestamp="25 Mar 2019 06:52:50 GMT" time="0.015" errors="0">
  <testcase name="atTest" time="0.007" classname="testNGpractise"/>
  <testcase name="atTest1" time="0.004" classname="testNGpractise"/>
  <testcase name="atTest1" time="0.004" classname="testNGpractise"/>
</testsuite> <!-- testNGpractise -->
