<?xml version="1.0" encoding="UTF-8"?>
<!-- Generated by org.testng.reporters.JUnitReportReporter -->
<testsuite skipped="0" hostname="CHELENL042" name="TestCase.TC_007_Tabs" tests="1" failures="0" timestamp="27 Mar 2019 05:47:00 GMT" time="10.093" errors="0">
  <testcase name="tabs" time="10.093" classname="TestCase.TC_007_Tabs"/>
</testsuite> <!-- TestCase.TC_007_Tabs -->
