<?xml version="1.0" encoding="UTF-8"?>
<!-- Generated by org.testng.reporters.JUnitReportReporter -->
<testsuite skipped="0" hostname="CHELENL042" name="TestCase.TC_008_ToolTip" tests="1" failures="0" timestamp="25 Mar 2019 08:08:34 GMT" time="13.056" errors="0">
  <testcase name="toolTip" time="13.056" classname="TestCase.TC_008_ToolTip"/>
</testsuite> <!-- TestCase.TC_008_ToolTip -->
