<?xml version="1.0" encoding="UTF-8"?>
<!-- Generated by org.testng.reporters.JUnitReportReporter -->
<testsuite skipped="0" hostname="CHELENL042" name="ashleyDemoTest.TC_002_NavigateThroughFurniture" tests="1" failures="0" timestamp="13 Mar 2019 10:33:50 GMT" time="87.221" errors="0">
  <testcase name="furnitureview" time="87.221" classname="ashleyDemoTest.TC_002_NavigateThroughFurniture"/>
</testsuite> <!-- ashleyDemoTest.TC_002_NavigateThroughFurniture -->
